[Mon Jun 19 2023 at 20:18:27] [crazy!] [32minfo[39m: 🤩 Database is connected
[Mon Jun 19 2023 at 20:18:27] [crazy!] [32minfo[39m: App is listening on PORT 5000 & Process ID 1456
[Mon Jun 19 2023 at 20:18:31] [crazy!] [32minfo[39m: 🤩 Database is connected
[Mon Jun 19 2023 at 20:18:31] [crazy!] [32minfo[39m: App is listening on PORT 5000 & Process ID 8116
[Mon Jun 19 2023 at 20:19:52] [crazy!] [32minfo[39m: 🤩 Database is connected
[Mon Jun 19 2023 at 20:19:52] [crazy!] [32minfo[39m: App is listening on PORT 5000 & Process ID 16516
[Fri Jun 30 2023 at 23:2:30] [crazy!] [32minfo[39m: 🤩 Database is connected
[Fri Jun 30 2023 at 23:2:30] [crazy!] [32minfo[39m: App is listening on PORT 5000 & Process ID 12592
[Fri Jun 30 2023 at 23:2:31] [crazy!] [32minfo[39m: 🤩 Database is connected
[Fri Jun 30 2023 at 23:2:31] [crazy!] [32minfo[39m: App is listening on PORT 5000 & Process ID 10140
[Fri Jun 30 2023 at 23:6:36] [crazy!] [32minfo[39m: 🤩 Database is connected
[Fri Jun 30 2023 at 23:6:36] [crazy!] [32minfo[39m: App is listening on PORT 5000 & Process ID 6748
[Fri Jun 30 2023 at 23:14:5] [crazy!] [32minfo[39m: 🤩 Database is connected
[Fri Jun 30 2023 at 23:14:5] [crazy!] [32minfo[39m: App is listening on PORT 5000 & Process ID 1492
[Fri Jun 30 2023 at 23:20:39] [crazy!] [32minfo[39m: 🤩 Database is connected
[Fri Jun 30 2023 at 23:20:39] [crazy!] [32minfo[39m: App is listening on PORT 5000 & Process ID 4692
[Fri Jun 30 2023 at 23:21:59] [crazy!] [32minfo[39m: 🤩 Database is connected
[Fri Jun 30 2023 at 23:21:59] [crazy!] [32minfo[39m: App is listening on PORT 5000 & Process ID 5740
[Fri Jun 30 2023 at 23:25:2] [crazy!] [32minfo[39m: 🤩 Database is connected
[Fri Jun 30 2023 at 23:25:2] [crazy!] [32minfo[39m: App is listening on PORT 5000 & Process ID 13832
[Fri Jun 30 2023 at 23:25:5] [crazy!] [32minfo[39m: 🤩 Database is connected
[Fri Jun 30 2023 at 23:25:5] [crazy!] [32minfo[39m: App is listening on PORT 5000 & Process ID 17052
[Fri Jun 30 2023 at 23:25:15] [crazy!] [32minfo[39m: 🤩 Database is connected
[Fri Jun 30 2023 at 23:25:15] [crazy!] [32minfo[39m: App is listening on PORT 5000 & Process ID 12056
[Fri Jun 30 2023 at 23:51:24] [crazy!] [32minfo[39m: 🤩 Database is connected
[Fri Jun 30 2023 at 23:51:24] [crazy!] [32minfo[39m: App is listening on PORT 5000 & Process ID 9372
[Fri Jun 30 2023 at 23:52:11] [crazy!] [32minfo[39m: 🤩 Database is connected
[Fri Jun 30 2023 at 23:52:11] [crazy!] [32minfo[39m: App is listening on PORT 5000 & Process ID 12804
[Fri Jun 30 2023 at 23:53:8] [crazy!] [32minfo[39m: 🤩 Database is connected
[Fri Jun 30 2023 at 23:53:8] [crazy!] [32minfo[39m: App is listening on PORT 5000 & Process ID 16400
[Fri Jun 30 2023 at 23:57:3] [crazy!] [32minfo[39m: 🤩 Database is connected
[Fri Jun 30 2023 at 23:57:3] [crazy!] [32minfo[39m: App is listening on PORT 5000 & Process ID 12744
[Fri Jun 30 2023 at 23:58:7] [crazy!] [32minfo[39m: 🤩 Database is connected
[Fri Jun 30 2023 at 23:58:7] [crazy!] [32minfo[39m: App is listening on PORT 5000 & Process ID 13596
[Sat Jul 01 2023 at 0:0:10] [crazy!] [32minfo[39m: 🤩 Database is connected
[Sat Jul 01 2023 at 0:0:10] [crazy!] [32minfo[39m: App is listening on PORT 5000 & Process ID 15756
[Sat Jul 01 2023 at 0:1:53] [crazy!] [32minfo[39m: 🤩 Database is connected
[Sat Jul 01 2023 at 0:1:53] [crazy!] [32minfo[39m: App is listening on PORT 5000 & Process ID 11092
[Sat Jul 01 2023 at 0:8:6] [crazy!] [32minfo[39m: 🤩 Database is connected
[Sat Jul 01 2023 at 0:8:6] [crazy!] [32minfo[39m: App is listening on PORT 5000 & Process ID 18592
[Sat Jul 01 2023 at 0:8:33] [crazy!] [32minfo[39m: 🤩 Database is connected
[Sat Jul 01 2023 at 0:8:33] [crazy!] [32minfo[39m: App is listening on PORT 5000 & Process ID 6556
[Sun Jul 02 2023 at 1:36:44] [crazy!] [32minfo[39m: 🤩 Database is connected
[Sun Jul 02 2023 at 1:36:44] [crazy!] [32minfo[39m: App is listening on PORT 5000 & Process ID 3596
[Sun Jul 02 2023 at 1:37:43] [crazy!] [32minfo[39m: 🤩 Database is connected
[Sun Jul 02 2023 at 1:37:43] [crazy!] [32minfo[39m: App is listening on PORT 5000 & Process ID 17652
[Sun Jul 02 2023 at 1:38:40] [crazy!] [32minfo[39m: 🤩 Database is connected
[Sun Jul 02 2023 at 1:38:40] [crazy!] [32minfo[39m: App is listening on PORT 5000 & Process ID 15756
[Sun Jul 02 2023 at 1:38:43] [crazy!] [32minfo[39m: 🤩 Database is connected
[Sun Jul 02 2023 at 1:38:43] [crazy!] [32minfo[39m: App is listening on PORT 5000 & Process ID 2208
[Sun Jul 02 2023 at 1:40:27] [crazy!] [32minfo[39m: 🤩 Database is connected
[Sun Jul 02 2023 at 1:40:27] [crazy!] [32minfo[39m: App is listening on PORT 5000 & Process ID 2888
[Sun Jul 02 2023 at 1:40:29] [crazy!] [32minfo[39m: 🤩 Database is connected
[Sun Jul 02 2023 at 1:40:29] [crazy!] [32minfo[39m: App is listening on PORT 5000 & Process ID 7468
[Sun Jul 02 2023 at 1:41:20] [crazy!] [32minfo[39m: 🤩 Database is connected
[Sun Jul 02 2023 at 1:41:20] [crazy!] [32minfo[39m: App is listening on PORT 5000 & Process ID 11212
[Sun Jul 02 2023 at 1:42:5] [crazy!] [32minfo[39m: 🤩 Database is connected
[Sun Jul 02 2023 at 1:42:5] [crazy!] [32minfo[39m: App is listening on PORT 5000 & Process ID 20496
[Sun Jul 02 2023 at 1:44:55] [crazy!] [32minfo[39m: 🤩 Database is connected
[Sun Jul 02 2023 at 1:44:55] [crazy!] [32minfo[39m: App is listening on PORT 5000 & Process ID 6152
[Sun Jul 02 2023 at 1:45:6] [crazy!] [32minfo[39m: 🤩 Database is connected
[Sun Jul 02 2023 at 1:45:6] [crazy!] [32minfo[39m: App is listening on PORT 5000 & Process ID 12532
